2025-04-16 11:51:22.042 | INFO     | examples.training.img_clf.full_train:setup_logger:69 - Logger configured with level: INFO
2025-04-16 11:51:22.042 | INFO     | __main__:main:130 - Starting Perceiver IO local testing with config from ./cifar_config.yaml
2025-04-16 11:51:22.042 | INFO     | examples.training.img_clf.config_utils:log_config:116 - Configuration:
2025-04-16 11:51:22.042 | INFO     | examples.training.img_clf.config_utils:log_config:117 - Experiment: perceiver_cifar_local
2025-04-16 11:51:22.043 | INFO     | examples.training.img_clf.config_utils:log_config:118 - Description: Local CPU test of CIFAR classification using Perceiver IO
2025-04-16 11:51:22.043 | INFO     | examples.training.img_clf.config_utils:log_config:121 - Model architecture:
2025-04-16 11:51:22.043 | INFO     | examples.training.img_clf.config_utils:log_config:122 -   Num latents: 512
2025-04-16 11:51:22.043 | INFO     | examples.training.img_clf.config_utils:log_config:123 -   Num latent channels: 512
2025-04-16 11:51:22.043 | INFO     | examples.training.img_clf.config_utils:log_config:124 -   Num classes: 100
2025-04-16 11:51:22.043 | INFO     | examples.training.img_clf.config_utils:log_config:125 -   Num frequency bands: 8
2025-04-16 11:51:22.043 | INFO     | examples.training.img_clf.config_utils:log_config:126 -   Cross attention layers: 1
2025-04-16 11:51:22.043 | INFO     | examples.training.img_clf.config_utils:log_config:127 -   Self attention blocks: 1
2025-04-16 11:51:22.043 | INFO     | examples.training.img_clf.config_utils:log_config:129 - Training settings:
2025-04-16 11:51:22.043 | INFO     | examples.training.img_clf.config_utils:log_config:130 -   Max epochs: 1
2025-04-16 11:51:22.043 | INFO     | examples.training.img_clf.config_utils:log_config:131 -   Batch size: 32
2025-04-16 11:51:22.043 | INFO     | examples.training.img_clf.config_utils:log_config:132 -   Learning rate: 0.004
2025-04-16 11:51:22.043 | INFO     | examples.training.img_clf.config_utils:log_config:133 -   Weight decay: 0.3
2025-04-16 11:51:22.043 | INFO     | examples.training.img_clf.config_utils:log_config:134 -   Devices: 1
2025-04-16 11:51:22.043 | INFO     | examples.training.img_clf.config_utils:log_config:135 -   Precision: 32
2025-04-16 11:51:22.046 | INFO     | __main__:main:139 - Setting random seed to 42
2025-04-16 11:51:22.046 | INFO     | __main__:main:145 - Initialized CIFAR data module with batch_size=32, num_workers=0
2025-04-16 11:51:22.133 | INFO     | examples.training.img_clf.full_train:__init__:242 - Model initialized with 10,874,030/10,874,030 trainable parameters
2025-04-16 11:51:22.133 | INFO     | __main__:main:155 - Model initialized successfully
2025-04-16 11:51:22.133 | INFO     | __main__:main:160 - Model has 10,874,030/10,874,030 trainable parameters
2025-04-16 11:51:22.135 | INFO     | examples.training.img_clf.full_train:create_trainer:485 - Enabling tensor cores with medium float32 precision
2025-04-16 11:51:22.135 | INFO     | examples.training.img_clf.full_train:create_trainer:507 - Using 'auto' strategy for single GPU training
2025-04-16 11:51:22.160 | INFO     | __main__:main:164 - Trainer created with 1 devices
2025-04-16 11:51:22.160 | INFO     | __main__:main:168 - ==================================================
2025-04-16 11:51:22.160 | INFO     | __main__:main:169 - STARTING TRAINING
2025-04-16 11:51:22.160 | INFO     | __main__:main:170 - ==================================================
2025-04-16 11:51:34.724 | INFO     | examples.training.img_clf.full_train:on_fit_start:85 - Model has 10,874,030 total parameters
2025-04-16 11:51:34.724 | INFO     | examples.training.img_clf.full_train:on_fit_start:86 - Model has 10,874,030 trainable parameters
2025-04-16 11:51:34.724 | INFO     | examples.training.img_clf.full_train:on_fit_start:122 - Starting training process, tracking compute stats...
